#
# There is insufficient memory for the Java Runtime Environment to continue.
# Native memory allocation (malloc) failed to allocate 32744 bytes. Error detail: ChunkPool::allocate
# Possible reasons:
#   The system is out of physical RAM or swap space
#   This process is running with CompressedOops enabled, and the Java Heap may be blocking the growth of the native heap
# Possible solutions:
#   Reduce memory load on the system
#   Increase physical memory or swap space
#   Check if swap backing store is full
#   Decrease Java heap size (-Xmx/-Xms)
#   Decrease number of Java threads
#   Decrease Java thread stack sizes (-Xss)
#   Set larger code cache with -XX:ReservedCodeCacheSize=
#   JVM is running with Unscaled Compressed Oops mode in which the Java heap is
#     placed in the first 4GB address space. The Java Heap base address is the
#     maximum limit for the native heap growth. Please use -XX:HeapBaseMinAddress
#     to set the Java Heap base and to place the Java Heap above 4GB virtual address.
# This output file may be truncated or incomplete.
#
#  Out of Memory Error (arena.cpp:79), pid=21496, tid=12476
#
# JRE version: OpenJDK Runtime Environment Temurin-17.0.17+10 (17.0.17+10) (build 17.0.17+10)
# Java VM: OpenJDK 64-Bit Server VM Temurin-17.0.17+10 (17.0.17+10, mixed mode, sharing, tiered, compressed oops, compressed class ptrs, g1 gc, windows-amd64)
# No core dump will be written. Minidumps are not enabled by default on client versions of Windows
#

---------------  S U M M A R Y ------------

Command Line: -Dstdout.encoding=UTF-8 -Dstderr.encoding=UTF-8 -Dorg.gradle.appname=gradlew org.gradle.wrapper.GradleWrapperMain -q -Ptarget-platform=android-x64 -Ptarget=C:\Users\mahmo\Downloads\mobile_chat_app\lib\main.dart -Pbase-application-name=android.app.Application -Pdart-obfuscation=false -Ptrack-widget-creation=true -Ptree-shake-icons=false -Pfilesystem-scheme=org-dartlang-root assembleDebug

Host: AMD Ryzen 5 8645HS w/ Radeon 760M Graphics, 12 cores, 7G,  Windows 11 , 64 bit Build 26100 (10.0.26100.7019)
Time: Fri Dec  5 04:08:57 2025 Egypt Standard Time elapsed time: 8.598741 seconds (0d 0h 0m 8s)

---------------  T H R E A D  ---------------

Current thread (0x0000014b396e98a0):  JavaThread "C2 CompilerThread0" daemon [_thread_in_native, id=12476, stack(0x0000000e5b300000,0x0000000e5b400000)]


Current CompileTask:
C2:8598  978   !   4       java.util.concurrent.ConcurrentHashMap::putVal (432 bytes)

Stack: [0x0000000e5b300000,0x0000000e5b400000]
Native frames: (J=compiled Java code, j=interpreted, Vv=VM code, C=native code)
V  [jvm.dll+0x683fb9]
V  [jvm.dll+0x83a1b5]
V  [jvm.dll+0x83bc2e]
V  [jvm.dll+0x83c2b3]
V  [jvm.dll+0x248eff]
V  [jvm.dll+0xad69e]
V  [jvm.dll+0xadb3c]
V  [jvm.dll+0xad5a4]
V  [jvm.dll+0x6da53c]
V  [jvm.dll+0x5944ef]
V  [jvm.dll+0x75adb7]
V  [jvm.dll+0x759e1c]
V  [jvm.dll+0x59f138]
V  [jvm.dll+0x59eb40]
V  [jvm.dll+0x58ada7]
V  [jvm.dll+0x222e84]
V  [jvm.dll+0x21b84e]
V  [jvm.dll+0x2190fe]
V  [jvm.dll+0x1a4920]
V  [jvm.dll+0x22989a]
V  [jvm.dll+0x227a4b]
V  [jvm.dll+0x7effb8]
V  [jvm.dll+0x7ea44c]
V  [jvm.dll+0x682e87]
C  [ucrtbase.dll+0x37b0]
C  [KERNEL32.DLL+0x2e8d7]
C  [ntdll.dll+0x8c53c]


---------------  P R O C E S S  ---------------

Threads class SMR info:
_java_thread_list=0x0000014b000638c0, length=13, elements={
0x0000014b1948fe00, 0x0000014b396c3430, 0x0000014b396c3df0, 0x0000014b396de210,
0x0000014b396deae0, 0x0000014b396df4a0, 0x0000014b396dfe60, 0x0000014b396e98a0,
0x0000014b396f6010, 0x0000014b396f8a20, 0x0000014b3994aff0, 0x0000014b399516a0,
0x0000014b00073c10
}

Java Threads: ( => current thread )
  0x0000014b1948fe00 JavaThread "main" [_thread_in_vm, id=6304, stack(0x0000000e5a600000,0x0000000e5a700000)]
  0x0000014b396c3430 JavaThread "Reference Handler" daemon [_thread_blocked, id=2932, stack(0x0000000e5ad00000,0x0000000e5ae00000)]
  0x0000014b396c3df0 JavaThread "Finalizer" daemon [_thread_blocked, id=26228, stack(0x0000000e5ae00000,0x0000000e5af00000)]
  0x0000014b396de210 JavaThread "Signal Dispatcher" daemon [_thread_blocked, id=19748, stack(0x0000000e5af00000,0x0000000e5b000000)]
  0x0000014b396deae0 JavaThread "Attach Listener" daemon [_thread_blocked, id=2568, stack(0x0000000e5b000000,0x0000000e5b100000)]
  0x0000014b396df4a0 JavaThread "Service Thread" daemon [_thread_blocked, id=11572, stack(0x0000000e5b100000,0x0000000e5b200000)]
  0x0000014b396dfe60 JavaThread "Monitor Deflation Thread" daemon [_thread_blocked, id=5416, stack(0x0000000e5b200000,0x0000000e5b300000)]
=>0x0000014b396e98a0 JavaThread "C2 CompilerThread0" daemon [_thread_in_native, id=12476, stack(0x0000000e5b300000,0x0000000e5b400000)]
  0x0000014b396f6010 JavaThread "C1 CompilerThread0" daemon [_thread_blocked, id=18108, stack(0x0000000e5b400000,0x0000000e5b500000)]
  0x0000014b396f8a20 JavaThread "Sweeper thread" daemon [_thread_blocked, id=12040, stack(0x0000000e5b500000,0x0000000e5b600000)]
  0x0000014b3994aff0 JavaThread "Notification Thread" daemon [_thread_blocked, id=25960, stack(0x0000000e5b600000,0x0000000e5b700000)]
  0x0000014b399516a0 JavaThread "Common-Cleaner" daemon [_thread_blocked, id=8616, stack(0x0000000e5b800000,0x0000000e5b900000)]
  0x0000014b00073c10 JavaThread "pool-1-thread-1" [_thread_blocked, id=4856, stack(0x0000000e5bc00000,0x0000000e5bd00000)]

Other Threads:
  0x0000014b396c0000 VMThread "VM Thread" [stack: 0x0000000e5ac00000,0x0000000e5ad00000] [id=24844] _threads_hazard_ptr=0x0000014b000638c0
  0x0000014b3972ecd0 WatcherThread [stack: 0x0000000e5b700000,0x0000000e5b800000] [id=2296]
  0x0000014b194e91d0 GCTaskThread "GC Thread#0" [stack: 0x0000000e5a700000,0x0000000e5a800000] [id=2780]
  0x0000014b7f1730b0 GCTaskThread "GC Thread#1" [stack: 0x0000000e5b900000,0x0000000e5ba00000] [id=14544]
  0x0000014b7f1a5cf0 GCTaskThread "GC Thread#2" [stack: 0x0000000e5ba00000,0x0000000e5bb00000] [id=18920]
  0x0000014b39ae4090 GCTaskThread "GC Thread#3" [stack: 0x0000000e5bb00000,0x0000000e5bc00000] [id=11516]
  0x0000014b194fb580 ConcurrentGCThread "G1 Main Marker" [stack: 0x0000000e5a800000,0x0000000e5a900000] [id=14240]
  0x0000014b194fbea0 ConcurrentGCThread "G1 Conc#0" [stack: 0x0000000e5a900000,0x0000000e5aa00000] [id=14224]
  0x0000014b1953d5d0 ConcurrentGCThread "G1 Refine#0" [stack: 0x0000000e5aa00000,0x0000000e5ab00000] [id=6284]
  0x0000014b1953dda0 ConcurrentGCThread "G1 Service" [stack: 0x0000000e5ab00000,0x0000000e5ac00000] [id=11836]

Threads with active compile tasks:
C2 CompilerThread0  9665  978   !   4       java.util.concurrent.ConcurrentHashMap::putVal (432 bytes)

VM state: synchronizing (normal execution)

VM Mutex/Monitor currently owned by a thread:  ([mutex/lock_event])
[0x0000014b1948c1a0] Metaspace_lock - owner thread: 0x0000014b1948fe00
[0x0000014b1948c110] Threads_lock - owner thread: 0x0000014b396c0000

Heap address: 0x000000008bc00000, size: 1860 MB, Compressed Oops mode: 32-bit

CDS archive(s) mapped at: [0x0000014b3a000000-0x0000014b3abb0000-0x0000014b3abb0000), size 12255232, SharedBaseAddress: 0x0000014b3a000000, ArchiveRelocationMode: 1.
Compressed class space mapped at: 0x0000014b3b000000-0x0000014b7b000000, reserved size: 1073741824
Narrow klass base: 0x0000014b3a000000, Narrow klass shift: 0, Narrow klass range: 0x100000000

GC Precious Log:
 CPUs: 12 total, 12 available
 Memory: 7439M
 Large Page Support: Disabled
 NUMA Support: Disabled
 Compressed Oops: Enabled (32-bit)
 Heap Region Size: 1M
 Heap Min Capacity: 8M
 Heap Initial Capacity: 118M
 Heap Max Capacity: 1860M
 Pre-touch: Disabled
 Parallel Workers: 10
 Concurrent Workers: 3
 Concurrent Refinement Workers: 10
 Periodic GC: Disabled

Heap:
 garbage-first heap   total 120832K, used 22968K [0x000000008bc00000, 0x0000000100000000)
  region size 1024K, 19 young (19456K), 3 survivors (3072K)
 Metaspace       used 5065K, committed 5248K, reserved 1114112K
  class space    used 672K, committed 768K, reserved 1048576K

Heap Regions: E=young(eden), S=young(survivor), O=old, HS=humongous(starts), HC=humongous(continues), CS=collection set, F=free, OA=open archive, CA=closed archive, TAMS=top-at-mark-start (previous, next)
|   0|0x000000008bc00000, 0x000000008bd00000, 0x000000008bd00000|100%| O|  |TAMS 0x000000008bc00000, 0x000000008bc00000| Untracked 
|   1|0x000000008bd00000, 0x000000008bd6e000, 0x000000008be00000| 42%| O|  |TAMS 0x000000008bd00000, 0x000000008bd00000| Untracked 
|   2|0x000000008be00000, 0x000000008bf00000, 0x000000008bf00000|100%|HS|  |TAMS 0x000000008be00000, 0x000000008be00000| Complete 
|   3|0x000000008bf00000, 0x000000008c000000, 0x000000008c000000|100%|HC|  |TAMS 0x000000008bf00000, 0x000000008bf00000| Complete 
|   4|0x000000008c000000, 0x000000008c100000, 0x000000008c100000|100%|HC|  |TAMS 0x000000008c000000, 0x000000008c000000| Complete 
|   5|0x000000008c100000, 0x000000008c200000, 0x000000008c200000|100%|HC|  |TAMS 0x000000008c100000, 0x000000008c100000| Complete 
|   6|0x000000008c200000, 0x000000008c200000, 0x000000008c300000|  0%| F|  |TAMS 0x000000008c200000, 0x000000008c200000| Untracked 
|   7|0x000000008c300000, 0x000000008c300000, 0x000000008c400000|  0%| F|  |TAMS 0x000000008c300000, 0x000000008c300000| Untracked 
|   8|0x000000008c400000, 0x000000008c400000, 0x000000008c500000|  0%| F|  |TAMS 0x000000008c400000, 0x000000008c400000| Untracked 
|   9|0x000000008c500000, 0x000000008c500000, 0x000000008c600000|  0%| F|  |TAMS 0x000000008c500000, 0x000000008c500000| Untracked 
|  10|0x000000008c600000, 0x000000008c600000, 0x000000008c700000|  0%| F|  |TAMS 0x000000008c600000, 0x000000008c600000| Untracked 
|  11|0x000000008c700000, 0x000000008c700000, 0x000000008c800000|  0%| F|  |TAMS 0x000000008c700000, 0x000000008c700000| Untracked 
|  12|0x000000008c800000, 0x000000008c800000, 0x000000008c900000|  0%| F|  |TAMS 0x000000008c800000, 0x000000008c800000| Untracked 
|  13|0x000000008c900000, 0x000000008c900000, 0x000000008ca00000|  0%| F|  |TAMS 0x000000008c900000, 0x000000008c900000| Untracked 
|  14|0x000000008ca00000, 0x000000008ca00000, 0x000000008cb00000|  0%| F|  |TAMS 0x000000008ca00000, 0x000000008ca00000| Untracked 
|  15|0x000000008cb00000, 0x000000008cb00000, 0x000000008cc00000|  0%| F|  |TAMS 0x000000008cb00000, 0x000000008cb00000| Untracked 
|  16|0x000000008cc00000, 0x000000008cc00000, 0x000000008cd00000|  0%| F|  |TAMS 0x000000008cc00000, 0x000000008cc00000| Untracked 
|  17|0x000000008cd00000, 0x000000008cd00000, 0x000000008ce00000|  0%| F|  |TAMS 0x000000008cd00000, 0x000000008cd00000| Untracked 
|  18|0x000000008ce00000, 0x000000008ce00000, 0x000000008cf00000|  0%| F|  |TAMS 0x000000008ce00000, 0x000000008ce00000| Untracked 
|  19|0x000000008cf00000, 0x000000008cf00000, 0x000000008d000000|  0%| F|  |TAMS 0x000000008cf00000, 0x000000008cf00000| Untracked 
|  20|0x000000008d000000, 0x000000008d000000, 0x000000008d100000|  0%| F|  |TAMS 0x000000008d000000, 0x000000008d000000| Untracked 
|  21|0x000000008d100000, 0x000000008d100000, 0x000000008d200000|  0%| F|  |TAMS 0x000000008d100000, 0x000000008d100000| Untracked 
|  22|0x000000008d200000, 0x000000008d200000, 0x000000008d300000|  0%| F|  |TAMS 0x000000008d200000, 0x000000008d200000| Untracked 
|  23|0x000000008d300000, 0x000000008d300000, 0x000000008d400000|  0%| F|  |TAMS 0x000000008d300000, 0x000000008d300000| Untracked 
|  24|0x000000008d400000, 0x000000008d400000, 0x000000008d500000|  0%| F|  |TAMS 0x000000008d400000, 0x000000008d400000| Untracked 
|  25|0x000000008d500000, 0x000000008d500000, 0x000000008d600000|  0%| F|  |TAMS 0x000000008d500000, 0x000000008d500000| Untracked 
|  26|0x000000008d600000, 0x000000008d600000, 0x000000008d700000|  0%| F|  |TAMS 0x000000008d600000, 0x000000008d600000| Untracked 
|  27|0x000000008d700000, 0x000000008d700000, 0x000000008d800000|  0%| F|  |TAMS 0x000000008d700000, 0x000000008d700000| Untracked 
|  28|0x000000008d800000, 0x000000008d800000, 0x000000008d900000|  0%| F|  |TAMS 0x000000008d800000, 0x000000008d800000| Untracked 
|  29|0x000000008d900000, 0x000000008d900000, 0x000000008da00000|  0%| F|  |TAMS 0x000000008d900000, 0x000000008d900000| Untracked 
|  30|0x000000008da00000, 0x000000008da00000, 0x000000008db00000|  0%| F|  |TAMS 0x000000008da00000, 0x000000008da00000| Untracked 
|  31|0x000000008db00000, 0x000000008db00000, 0x000000008dc00000|  0%| F|  |TAMS 0x000000008db00000, 0x000000008db00000| Untracked 
|  32|0x000000008dc00000, 0x000000008dc00000, 0x000000008dd00000|  0%| F|  |TAMS 0x000000008dc00000, 0x000000008dc00000| Untracked 
|  33|0x000000008dd00000, 0x000000008dd00000, 0x000000008de00000|  0%| F|  |TAMS 0x000000008dd00000, 0x000000008dd00000| Untracked 
|  34|0x000000008de00000, 0x000000008de00000, 0x000000008df00000|  0%| F|  |TAMS 0x000000008de00000, 0x000000008de00000| Untracked 
|  35|0x000000008df00000, 0x000000008df00000, 0x000000008e000000|  0%| F|  |TAMS 0x000000008df00000, 0x000000008df00000| Untracked 
|  36|0x000000008e000000, 0x000000008e000000, 0x000000008e100000|  0%| F|  |TAMS 0x000000008e000000, 0x000000008e000000| Untracked 
|  37|0x000000008e100000, 0x000000008e100000, 0x000000008e200000|  0%| F|  |TAMS 0x000000008e100000, 0x000000008e100000| Untracked 
|  38|0x000000008e200000, 0x000000008e200000, 0x000000008e300000|  0%| F|  |TAMS 0x000000008e200000, 0x000000008e200000| Untracked 
|  39|0x000000008e300000, 0x000000008e300000, 0x000000008e400000|  0%| F|  |TAMS 0x000000008e300000, 0x000000008e300000| Untracked 
|  40|0x000000008e400000, 0x000000008e400000, 0x000000008e500000|  0%| F|  |TAMS 0x000000008e400000, 0x000000008e400000| Untracked 
|  41|0x000000008e500000, 0x000000008e500000, 0x000000008e600000|  0%| F|  |TAMS 0x000000008e500000, 0x000000008e500000| Untracked 
|  42|0x000000008e600000, 0x000000008e600000, 0x000000008e700000|  0%| F|  |TAMS 0x000000008e600000, 0x000000008e600000| Untracked 
|  43|0x000000008e700000, 0x000000008e700000, 0x000000008e800000|  0%| F|  |TAMS 0x000000008e700000, 0x000000008e700000| Untracked 
|  44|0x000000008e800000, 0x000000008e800000, 0x000000008e900000|  0%| F|  |TAMS 0x000000008e800000, 0x000000008e800000| Untracked 
|  45|0x000000008e900000, 0x000000008e900000, 0x000000008ea00000|  0%| F|  |TAMS 0x000000008e900000, 0x000000008e900000| Untracked 
|  46|0x000000008ea00000, 0x000000008ea00000, 0x000000008eb00000|  0%| F|  |TAMS 0x000000008ea00000, 0x000000008ea00000| Untracked 
|  47|0x000000008eb00000, 0x000000008eb00000, 0x000000008ec00000|  0%| F|  |TAMS 0x000000008eb00000, 0x000000008eb00000| Untracked 
|  48|0x000000008ec00000, 0x000000008ec00000, 0x000000008ed00000|  0%| F|  |TAMS 0x000000008ec00000, 0x000000008ec00000| Untracked 
|  49|0x000000008ed00000, 0x000000008ed00000, 0x000000008ee00000|  0%| F|  |TAMS 0x000000008ed00000, 0x000000008ed00000| Untracked 
|  50|0x000000008ee00000, 0x000000008ee00000, 0x000000008ef00000|  0%| F|  |TAMS 0x000000008ee00000, 0x000000008ee00000| Untracked 
|  51|0x000000008ef00000, 0x000000008ef00000, 0x000000008f000000|  0%| F|  |TAMS 0x000000008ef00000, 0x000000008ef00000| Untracked 
|  52|0x000000008f000000, 0x000000008f000000, 0x000000008f100000|  0%| F|  |TAMS 0x000000008f000000, 0x000000008f000000| Untracked 
|  53|0x000000008f100000, 0x000000008f100000, 0x000000008f200000|  0%| F|  |TAMS 0x000000008f100000, 0x000000008f100000| Untracked 
|  54|0x000000008f200000, 0x000000008f200000, 0x000000008f300000|  0%| F|  |TAMS 0x000000008f200000, 0x000000008f200000| Untracked 
|  55|0x000000008f300000, 0x000000008f300000, 0x000000008f400000|  0%| F|  |TAMS 0x000000008f300000, 0x000000008f300000| Untracked 
|  56|0x000000008f400000, 0x000000008f400000, 0x000000008f500000|  0%| F|  |TAMS 0x000000008f400000, 0x000000008f400000| Untracked 
|  57|0x000000008f500000, 0x000000008f500000, 0x000000008f600000|  0%| F|  |TAMS 0x000000008f500000, 0x000000008f500000| Untracked 
|  58|0x000000008f600000, 0x000000008f600000, 0x000000008f700000|  0%| F|  |TAMS 0x000000008f600000, 0x000000008f600000| Untracked 
|  59|0x000000008f700000, 0x000000008f700000, 0x000000008f800000|  0%| F|  |TAMS 0x000000008f700000, 0x000000008f700000| Untracked 
|  60|0x000000008f800000, 0x000000008f800000, 0x000000008f900000|  0%| F|  |TAMS 0x000000008f800000, 0x000000008f800000| Untracked 
|  61|0x000000008f900000, 0x000000008f900000, 0x000000008fa00000|  0%| F|  |TAMS 0x000000008f900000, 0x000000008f900000| Untracked 
|  62|0x000000008fa00000, 0x000000008fa00000, 0x000000008fb00000|  0%| F|  |TAMS 0x000000008fa00000, 0x000000008fa00000| Untracked 
|  63|0x000000008fb00000, 0x000000008fb00000, 0x000000008fc00000|  0%| F|  |TAMS 0x000000008fb00000, 0x000000008fb00000| Untracked 
|  64|0x000000008fc00000, 0x000000008fc00000, 0x000000008fd00000|  0%| F|  |TAMS 0x000000008fc00000, 0x000000008fc00000| Untracked 
|  65|0x000000008fd00000, 0x000000008fd00000, 0x000000008fe00000|  0%| F|  |TAMS 0x000000008fd00000, 0x000000008fd00000| Untracked 
|  66|0x000000008fe00000, 0x000000008fe00000, 0x000000008ff00000|  0%| F|  |TAMS 0x000000008fe00000, 0x000000008fe00000| Untracked 
|  67|0x000000008ff00000, 0x000000008ff00000, 0x0000000090000000|  0%| F|  |TAMS 0x000000008ff00000, 0x000000008ff00000| Untracked 
|  68|0x0000000090000000, 0x0000000090000000, 0x0000000090100000|  0%| F|  |TAMS 0x0000000090000000, 0x0000000090000000| Untracked 
|  69|0x0000000090100000, 0x0000000090100000, 0x0000000090200000|  0%| F|  |TAMS 0x0000000090100000, 0x0000000090100000| Untracked 
|  70|0x0000000090200000, 0x0000000090200000, 0x0000000090300000|  0%| F|  |TAMS 0x0000000090200000, 0x0000000090200000| Untracked 
|  71|0x0000000090300000, 0x0000000090300000, 0x0000000090400000|  0%| F|  |TAMS 0x0000000090300000, 0x0000000090300000| Untracked 
|  72|0x0000000090400000, 0x0000000090400000, 0x0000000090500000|  0%| F|  |TAMS 0x0000000090400000, 0x0000000090400000| Untracked 
|  73|0x0000000090500000, 0x0000000090500000, 0x0000000090600000|  0%| F|  |TAMS 0x0000000090500000, 0x0000000090500000| Untracked 
|  74|0x0000000090600000, 0x0000000090600000, 0x0000000090700000|  0%| F|  |TAMS 0x0000000090600000, 0x0000000090600000| Untracked 
|  75|0x0000000090700000, 0x0000000090700000, 0x0000000090800000|  0%| F|  |TAMS 0x0000000090700000, 0x0000000090700000| Untracked 
|  76|0x0000000090800000, 0x0000000090800000, 0x0000000090900000|  0%| F|  |TAMS 0x0000000090800000, 0x0000000090800000| Untracked 
|  77|0x0000000090900000, 0x0000000090900000, 0x0000000090a00000|  0%| F|  |TAMS 0x0000000090900000, 0x0000000090900000| Untracked 
|  78|0x0000000090a00000, 0x0000000090a00000, 0x0000000090b00000|  0%| F|  |TAMS 0x0000000090a00000, 0x0000000090a00000| Untracked 
|  79|0x0000000090b00000, 0x0000000090b00000, 0x0000000090c00000|  0%| F|  |TAMS 0x0000000090b00000, 0x0000000090b00000| Untracked 
|  80|0x0000000090c00000, 0x0000000090c00000, 0x0000000090d00000|  0%| F|  |TAMS 0x0000000090c00000, 0x0000000090c00000| Untracked 
|  81|0x0000000090d00000, 0x0000000090d00000, 0x0000000090e00000|  0%| F|  |TAMS 0x0000000090d00000, 0x0000000090d00000| Untracked 
|  82|0x0000000090e00000, 0x0000000090e00000, 0x0000000090f00000|  0%| F|  |TAMS 0x0000000090e00000, 0x0000000090e00000| Untracked 
|  83|0x0000000090f00000, 0x0000000090f00000, 0x0000000091000000|  0%| F|  |TAMS 0x0000000090f00000, 0x0000000090f00000| Untracked 
|  84|0x0000000091000000, 0x0000000091000000, 0x0000000091100000|  0%| F|  |TAMS 0x0000000091000000, 0x0000000091000000| Untracked 
|  85|0x0000000091100000, 0x0000000091100000, 0x0000000091200000|  0%| F|  |TAMS 0x0000000091100000, 0x0000000091100000| Untracked 
|  86|0x0000000091200000, 0x0000000091200000, 0x0000000091300000|  0%| F|  |TAMS 0x0000000091200000, 0x0000000091200000| Untracked 
|  87|0x0000000091300000, 0x0000000091300000, 0x0000000091400000|  0%| F|  |TAMS 0x0000000091300000, 0x0000000091300000| Untracked 
|  88|0x0000000091400000, 0x0000000091400000, 0x0000000091500000|  0%| F|  |TAMS 0x0000000091400000, 0x0000000091400000| Untracked 
|  89|0x0000000091500000, 0x0000000091500000, 0x0000000091600000|  0%| F|  |TAMS 0x0000000091500000, 0x0000000091500000| Untracked 
|  90|0x0000000091600000, 0x0000000091600000, 0x0000000091700000|  0%| F|  |TAMS 0x0000000091600000, 0x0000000091600000| Untracked 
|  91|0x0000000091700000, 0x0000000091700000, 0x0000000091800000|  0%| F|  |TAMS 0x0000000091700000, 0x0000000091700000| Untracked 
|  92|0x0000000091800000, 0x0000000091900000, 0x0000000091900000|100%| S|CS|TAMS 0x0000000091800000, 0x0000000091800000| Complete 
|  93|0x0000000091900000, 0x0000000091a00000, 0x0000000091a00000|100%| S|CS|TAMS 0x0000000091900000, 0x0000000091900000| Complete 
|  94|0x0000000091a00000, 0x0000000091b00000, 0x0000000091b00000|100%| S|CS|TAMS 0x0000000091a00000, 0x0000000091a00000| Complete 
|  95|0x0000000091b00000, 0x0000000091b00000, 0x0000000091c00000|  0%| F|  |TAMS 0x0000000091b00000, 0x0000000091b00000| Untracked 
|  96|0x0000000091c00000, 0x0000000091c00000, 0x0000000091d00000|  0%| F|  |TAMS 0x0000000091c00000, 0x0000000091c00000| Untracked 
|  97|0x0000000091d00000, 0x0000000091d00000, 0x0000000091e00000|  0%| F|  |TAMS 0x0000000091d00000, 0x0000000091d00000| Untracked 
|  98|0x0000000091e00000, 0x0000000091e00000, 0x0000000091f00000|  0%| F|  |TAMS 0x0000000091e00000, 0x0000000091e00000| Untracked 
|  99|0x0000000091f00000, 0x0000000091f00000, 0x0000000092000000|  0%| F|  |TAMS 0x0000000091f00000, 0x0000000091f00000| Untracked 
| 100|0x0000000092000000, 0x0000000092000000, 0x0000000092100000|  0%| F|  |TAMS 0x0000000092000000, 0x0000000092000000| Untracked 
| 101|0x0000000092100000, 0x0000000092100000, 0x0000000092200000|  0%| F|  |TAMS 0x0000000092100000, 0x0000000092100000| Untracked 
| 102|0x0000000092200000, 0x0000000092280000, 0x0000000092300000| 50%| E|  |TAMS 0x0000000092200000, 0x0000000092200000| Complete 
| 103|0x0000000092300000, 0x0000000092400000, 0x0000000092400000|100%| E|CS|TAMS 0x0000000092300000, 0x0000000092300000| Complete 
| 104|0x0000000092400000, 0x0000000092500000, 0x0000000092500000|100%| E|CS|TAMS 0x0000000092400000, 0x0000000092400000| Complete 
| 105|0x0000000092500000, 0x0000000092600000, 0x0000000092600000|100%| E|CS|TAMS 0x0000000092500000, 0x0000000092500000| Complete 
| 106|0x0000000092600000, 0x0000000092700000, 0x0000000092700000|100%| E|CS|TAMS 0x0000000092600000, 0x0000000092600000| Complete 
| 107|0x0000000092700000, 0x0000000092800000, 0x0000000092800000|100%| E|CS|TAMS 0x0000000092700000, 0x0000000092700000| Complete 
| 108|0x0000000092800000, 0x0000000092900000, 0x0000000092900000|100%| E|CS|TAMS 0x0000000092800000, 0x0000000092800000| Complete 
| 109|0x0000000092900000, 0x0000000092a00000, 0x0000000092a00000|100%| E|CS|TAMS 0x0000000092900000, 0x0000000092900000| Complete 
| 110|0x0000000092a00000, 0x0000000092b00000, 0x0000000092b00000|100%| E|CS|TAMS 0x0000000092a00000, 0x0000000092a00000| Complete 
| 111|0x0000000092b00000, 0x0000000092c00000, 0x0000000092c00000|100%| E|CS|TAMS 0x0000000092b00000, 0x0000000092b00000| Complete 
| 112|0x0000000092c00000, 0x0000000092d00000, 0x0000000092d00000|100%| E|CS|TAMS 0x0000000092c00000, 0x0000000092c00000| Complete 
| 113|0x0000000092d00000, 0x0000000092e00000, 0x0000000092e00000|100%| E|CS|TAMS 0x0000000092d00000, 0x0000000092d00000| Complete 
| 114|0x0000000092e00000, 0x0000000092f00000, 0x0000000092f00000|100%| E|CS|TAMS 0x0000000092e00000, 0x0000000092e00000| Complete 
| 115|0x0000000092f00000, 0x0000000093000000, 0x0000000093000000|100%| E|CS|TAMS 0x0000000092f00000, 0x0000000092f00000| Complete 
| 116|0x0000000093000000, 0x0000000093100000, 0x0000000093100000|100%| E|  |TAMS 0x0000000093000000, 0x0000000093000000| Complete 
| 117|0x0000000093100000, 0x0000000093200000, 0x0000000093200000|100%| E|CS|TAMS 0x0000000093100000, 0x0000000093100000| Complete 

Card table byte_map: [0x0000014b32890000,0x0000014b32c40000] _byte_map_base: 0x0000014b32432000

Marking Bits (Prev, Next): (CMBitMap*) 0x0000014b194eb700, (CMBitMap*) 0x0000014b194eb740
 Prev Bits: [0x0000014b32ff0000, 0x0000014b34d00000)
 Next Bits: [0x0000014b34d00000, 0x0000014b36a10000)

Polling page: 0x0000014b191d0000

Metaspace:

Usage:
  Non-class:      4.29 MB used.
      Class:    672.05 KB used.
       Both:      4.95 MB used.

Virtual space:
  Non-class space:       64.00 MB reserved,       4.38 MB (  7%) committed,  1 nodes.
      Class space:        1.00 GB reserved,     768.00 KB ( <1%) committed,  1 nodes.
             Both:        1.06 GB reserved,       5.12 MB ( <1%) committed. 

Chunk freelists:
   Non-Class:  9.92 MB
       Class:  15.29 MB
        Both:  25.21 MB

MaxMetaspaceSize: unlimited
CompressedClassSpaceSize: 1.00 GB
Initial GC threshold: 21.00 MB
Current GC threshold: 21.00 MB
CDS: on
MetaspaceReclaimPolicy: balanced
 - commit_granule_bytes: 65536.
 - commit_granule_words: 8192.
 - virtual_space_node_default_size: 8388608.
 - enlarge_chunks_in_place: 1.
 - new_chunks_are_fully_committed: 0.
 - uncommit_free_chunks: 1.
 - use_allocation_guard: 0.
 - handle_deallocations: 1.


Internal statistics:

num_allocs_failed_limit: 0.
num_arena_births: 50.
num_arena_deaths: 0.
num_vsnodes_births: 2.
num_vsnodes_deaths: 0.
num_space_committed: 82.
num_space_uncommitted: 0.
num_chunks_returned_to_freelist: 0.
num_chunks_taken_from_freelist: 185.
num_chunk_merges: 0.
num_chunk_splits: 118.
num_chunks_enlarged: 94.
num_inconsistent_stats: 0.

CodeHeap 'non-profiled nmethods': size=120000Kb used=461Kb max_used=461Kb free=119538Kb
 bounds [0x0000014b2a420000, 0x0000014b2a690000, 0x0000014b31950000]
CodeHeap 'profiled nmethods': size=120000Kb used=1995Kb max_used=1995Kb free=118005Kb
 bounds [0x0000014b22950000, 0x0000014b22bc0000, 0x0000014b29e80000]
CodeHeap 'non-nmethods': size=5760Kb used=1148Kb max_used=1163Kb free=4611Kb
 bounds [0x0000014b29e80000, 0x0000014b2a0f0000, 0x0000014b2a420000]
 total_blobs=1474 nmethods=1052 adapters=335
 compilation: enabled
              stopped_count=0, restarted_count=0
 full_count=0

Compilation events (20 events):
Event: 5.523 Thread 0x0000014b396e98a0 nmethod 955 0x0000014b2a48c610 code [0x0000014b2a48c7c0, 0x0000014b2a48cb58]
Event: 5.525 Thread 0x0000014b396e98a0  965       4       java.lang.CharacterData::of (136 bytes)
Event: 5.525 Thread 0x0000014b396e98a0 nmethod 965 0x0000014b2a48d190 code [0x0000014b2a48d320, 0x0000014b2a48d398]
Event: 5.527 Thread 0x0000014b396f6010  967       3       jdk.internal.reflect.ClassFileAssembler::emitByte (11 bytes)
Event: 5.528 Thread 0x0000014b396f6010 nmethod 967 0x0000014b22b1d090 code [0x0000014b22b1d240, 0x0000014b22b1d3c8]
Event: 5.528 Thread 0x0000014b396f6010  968       3       jdk.internal.reflect.ByteVectorImpl::add (38 bytes)
Event: 5.528 Thread 0x0000014b396f6010 nmethod 968 0x0000014b22b1d510 code [0x0000014b22b1d6c0, 0x0000014b22b1d888]
Event: 5.529 Thread 0x0000014b396f6010  970       1       java.lang.reflect.Method::getReturnType (5 bytes)
Event: 5.529 Thread 0x0000014b396f6010 nmethod 970 0x0000014b2a48d890 code [0x0000014b2a48da20, 0x0000014b2a48daf8]
Event: 5.529 Thread 0x0000014b396f6010  971       1       java.lang.reflect.Method::getModifiers (5 bytes)
Event: 5.529 Thread 0x0000014b396f6010 nmethod 971 0x0000014b2a48db90 code [0x0000014b2a48dd20, 0x0000014b2a48ddf8]
Event: 5.529 Thread 0x0000014b396f6010  973       1       java.lang.reflect.Method::getDeclaringClass (5 bytes)
Event: 5.530 Thread 0x0000014b396f6010 nmethod 973 0x0000014b2a48e190 code [0x0000014b2a48e320, 0x0000014b2a48e3f8]
Event: 5.530 Thread 0x0000014b396f6010  974       1       java.util.Collections$1::hasNext (5 bytes)
Event: 5.530 Thread 0x0000014b396f6010 nmethod 974 0x0000014b2a48e490 code [0x0000014b2a48e620, 0x0000014b2a48e6f8]
Event: 5.555 Thread 0x0000014b396f6010  976       3       java.util.WeakHashMap::put (160 bytes)
Event: 5.556 Thread 0x0000014b396f6010 nmethod 976 0x0000014b22b1d990 code [0x0000014b22b1dc20, 0x0000014b22b1ec28]
Event: 5.556 Thread 0x0000014b396e98a0  977       4       java.util.jar.Manifest$FastInputStream::readLine (296 bytes)
Event: 6.579 Thread 0x0000014b396e98a0 nmethod 977 0x0000014b2a48ec90 code [0x0000014b2a48ee40, 0x0000014b2a48f5d8]
Event: 6.586 Thread 0x0000014b396e98a0  978   !   4       java.util.concurrent.ConcurrentHashMap::putVal (432 bytes)

GC Heap History (2 events):
Event: 3.025 GC heap before
{Heap before GC invocations=0 (full 0):
 garbage-first heap   total 120832K, used 22528K [0x000000008bc00000, 0x0000000100000000)
  region size 1024K, 23 young (23552K), 0 survivors (0K)
 Metaspace       used 1942K, committed 2048K, reserved 1114112K
  class space    used 169K, committed 192K, reserved 1048576K
}
Event: 3.032 GC heap after
{Heap after GC invocations=1 (full 0):
 garbage-first heap   total 120832K, used 4536K [0x000000008bc00000, 0x0000000100000000)
  region size 1024K, 3 young (3072K), 3 survivors (3072K)
 Metaspace       used 1942K, committed 2048K, reserved 1114112K
  class space    used 169K, committed 192K, reserved 1048576K
}

Dll operation events (8 events):
Event: 0.184 Loaded shared library C:\Program Files\Eclipse Adoptium\jdk-17.0.17.10-hotspot\bin\java.dll
Event: 0.445 Loaded shared library C:\Program Files\Eclipse Adoptium\jdk-17.0.17.10-hotspot\bin\jsvml.dll
Event: 0.743 Loaded shared library C:\Program Files\Eclipse Adoptium\jdk-17.0.17.10-hotspot\bin\net.dll
Event: 0.763 Loaded shared library C:\Program Files\Eclipse Adoptium\jdk-17.0.17.10-hotspot\bin\nio.dll
Event: 0.771 Loaded shared library C:\Program Files\Eclipse Adoptium\jdk-17.0.17.10-hotspot\bin\zip.dll
Event: 0.785 Loaded shared library C:\Program Files\Eclipse Adoptium\jdk-17.0.17.10-hotspot\bin\verify.dll
Event: 0.851 Loaded shared library C:\Program Files\Eclipse Adoptium\jdk-17.0.17.10-hotspot\bin\jimage.dll
Event: 5.552 Loaded shared library C:\Users\mahmo\.gradle\native\c067742578af261105cb4f569cf0c3c89f3d7b1fecec35dd04571415982c5e48\windows-amd64\native-platform.dll

Deoptimization events (20 events):
Event: 5.441 Thread 0x0000014b1948fe00 Uncommon trap: trap_request=0xffffffde fr.pc=0x0000014b2a440ddc relative=0x000000000000031c
Event: 5.441 Thread 0x0000014b1948fe00 Uncommon trap: reason=class_check action=maybe_recompile pc=0x0000014b2a440ddc method=java.util.regex.Matcher.match(II)Z @ 121 c2
Event: 5.441 Thread 0x0000014b1948fe00 DEOPT PACKING pc=0x0000014b2a440ddc sp=0x0000000e5a6fdb10
Event: 5.441 Thread 0x0000014b1948fe00 DEOPT UNPACKING pc=0x0000014b29eda1a3 sp=0x0000000e5a6fdaa8 mode 2
Event: 5.441 Thread 0x0000014b1948fe00 Uncommon trap: trap_request=0xffffffde fr.pc=0x0000014b2a440ddc relative=0x000000000000031c
Event: 5.441 Thread 0x0000014b1948fe00 Uncommon trap: reason=class_check action=maybe_recompile pc=0x0000014b2a440ddc method=java.util.regex.Matcher.match(II)Z @ 121 c2
Event: 5.441 Thread 0x0000014b1948fe00 DEOPT PACKING pc=0x0000014b2a440ddc sp=0x0000000e5a6fdb10
Event: 5.441 Thread 0x0000014b1948fe00 DEOPT UNPACKING pc=0x0000014b29eda1a3 sp=0x0000000e5a6fdaa8 mode 2
Event: 5.442 Thread 0x0000014b1948fe00 Uncommon trap: trap_request=0xffffffde fr.pc=0x0000014b2a440ddc relative=0x000000000000031c
Event: 5.442 Thread 0x0000014b1948fe00 Uncommon trap: reason=class_check action=maybe_recompile pc=0x0000014b2a440ddc method=java.util.regex.Matcher.match(II)Z @ 121 c2
Event: 5.442 Thread 0x0000014b1948fe00 DEOPT PACKING pc=0x0000014b2a440ddc sp=0x0000000e5a6fd990
Event: 5.442 Thread 0x0000014b1948fe00 DEOPT UNPACKING pc=0x0000014b29eda1a3 sp=0x0000000e5a6fd928 mode 2
Event: 5.442 Thread 0x0000014b1948fe00 Uncommon trap: trap_request=0xffffffde fr.pc=0x0000014b2a440ddc relative=0x000000000000031c
Event: 5.442 Thread 0x0000014b1948fe00 Uncommon trap: reason=class_check action=maybe_recompile pc=0x0000014b2a440ddc method=java.util.regex.Matcher.match(II)Z @ 121 c2
Event: 5.442 Thread 0x0000014b1948fe00 DEOPT PACKING pc=0x0000014b2a440ddc sp=0x0000000e5a6fd990
Event: 5.442 Thread 0x0000014b1948fe00 DEOPT UNPACKING pc=0x0000014b29eda1a3 sp=0x0000000e5a6fd928 mode 2
Event: 5.487 Thread 0x0000014b1948fe00 Uncommon trap: trap_request=0xffffff45 fr.pc=0x0000014b2a44aef0 relative=0x0000000000000430
Event: 5.487 Thread 0x0000014b1948fe00 Uncommon trap: reason=unstable_if action=reinterpret pc=0x0000014b2a44aef0 method=java.util.Properties.loadConvert([CIILjava/lang/StringBuilder;)Ljava/lang/String; @ 26 c2
Event: 5.487 Thread 0x0000014b1948fe00 DEOPT PACKING pc=0x0000014b2a44aef0 sp=0x0000000e5a6fc220
Event: 5.487 Thread 0x0000014b1948fe00 DEOPT UNPACKING pc=0x0000014b29eda1a3 sp=0x0000000e5a6fc1e0 mode 2

Classes loaded (20 events):
Event: 6.589 Loading class java/util/concurrent/ScheduledThreadPoolExecutor
Event: 6.590 Loading class java/util/concurrent/ThreadPoolExecutor
Event: 6.590 Loading class java/util/concurrent/ThreadPoolExecutor done
Event: 6.590 Loading class java/util/concurrent/ScheduledThreadPoolExecutor done
Event: 6.591 Loading class java/util/concurrent/ThreadPoolExecutor$AbortPolicy
Event: 6.591 Loading class java/util/concurrent/RejectedExecutionHandler
Event: 6.591 Loading class java/util/concurrent/RejectedExecutionHandler done
Event: 6.591 Loading class java/util/concurrent/ThreadPoolExecutor$AbortPolicy done
Event: 6.591 Loading class java/util/concurrent/ScheduledThreadPoolExecutor$DelayedWorkQueue
Event: 6.591 Loading class java/util/concurrent/ScheduledThreadPoolExecutor$DelayedWorkQueue done
Event: 6.591 Loading class java/util/concurrent/RunnableScheduledFuture
Event: 6.591 Loading class java/util/concurrent/RunnableFuture
Event: 6.592 Loading class java/util/concurrent/RunnableFuture done
Event: 6.592 Loading class java/util/concurrent/ScheduledFuture
Event: 6.592 Loading class java/util/concurrent/Delayed
Event: 6.592 Loading class java/util/concurrent/Delayed done
Event: 6.592 Loading class java/util/concurrent/ScheduledFuture done
Event: 6.592 Loading class java/util/concurrent/RunnableScheduledFuture done
Event: 6.592 Loading class java/util/concurrent/Executors$DefaultThreadFactory
Event: 6.592 Loading class java/util/concurrent/Executors$DefaultThreadFactory done

Classes unloaded (0 events):
No events

Classes redefined (0 events):
No events

Internal exceptions (9 events):
Event: 1.003 Thread 0x0000014b1948fe00 Exception <a 'java/lang/NoSuchMethodError'{0x0000000092fd1558}: 'int java.lang.invoke.DirectMethodHandle$Holder.invokeStaticInit(java.lang.Object, java.lang.Object)'> (0x0000000092fd1558) 
thrown [s\src\hotspot\share\interpreter\linkResolver.cpp, line 759]
Event: 5.452 Thread 0x0000014b1948fe00 Exception <a 'java/lang/NoSuchMethodError'{0x00000000928a30e8}: 'void java.lang.invoke.DirectMethodHandle$Holder.invokeStatic(java.lang.Object, java.lang.Object)'> (0x00000000928a30e8) 
thrown [s\src\hotspot\share\interpreter\linkResolver.cpp, line 759]
Event: 5.490 Thread 0x0000014b1948fe00 Exception <a 'java/lang/NoClassDefFoundError'{0x0000000092763050}: org/slf4j/impl/StaticMarkerBinder> (0x0000000092763050) 
thrown [s\src\hotspot\share\classfile\systemDictionary.cpp, line 245]
Event: 5.514 Thread 0x0000014b1948fe00 Exception <a 'java/lang/NoSuchMethodError'{0x00000000926445b8}: 'java.lang.Object java.lang.invoke.Invokers$Holder.invoker(java.lang.Object, java.lang.Object, java.lang.Object)'> (0x00000000926445b8) 
thrown [s\src\hotspot\share\interpreter\linkResolver.cpp, line 759]
Event: 5.515 Thread 0x0000014b1948fe00 Exception <a 'java/lang/NoSuchMethodError'{0x000000009264d710}: 'java.lang.Object java.lang.invoke.DirectMethodHandle$Holder.invokeStatic(java.lang.Object, java.lang.Object, int)'> (0x000000009264d710) 
thrown [s\src\hotspot\share\interpreter\linkResolver.cpp, line 759]
Event: 5.517 Thread 0x0000014b1948fe00 Exception <a 'java/lang/NoSuchMethodError'{0x0000000092659400}: 'void java.lang.invoke.DelegatingMethodHandle$Holder.delegate(java.lang.Object, java.lang.Object, int, java.lang.Object)'> (0x0000000092659400) 
thrown [s\src\hotspot\share\interpreter\linkResolver.cpp, line 759]
Event: 5.517 Thread 0x0000014b1948fe00 Exception <a 'java/lang/NoSuchMethodError'{0x000000009265d438}: 'int java.lang.invoke.DirectMethodHandle$Holder.invokeSpecial(java.lang.Object, java.lang.Object, java.lang.Object)'> (0x000000009265d438) 
thrown [s\src\hotspot\share\interpreter\linkResolver.cpp, line 759]
Event: 5.520 Thread 0x0000014b1948fe00 Exception <a 'java/lang/NoSuchMethodError'{0x0000000092670548}: 'java.lang.Object java.lang.invoke.Invokers$Holder.invokeExact_MT(java.lang.Object, java.lang.Object, java.lang.Object, java.lang.Object)'> (0x0000000092670548) 
thrown [s\src\hotspot\share\interpreter\linkResolver.cpp, line 759]
Event: 5.529 Thread 0x0000014b1948fe00 Exception <a 'java/lang/NoSuchMethodError'{0x00000000926aad58}: 'java.lang.Object java.lang.invoke.DirectMethodHandle$Holder.invokeVirtual(java.lang.Object, java.lang.Object, java.lang.Object)'> (0x00000000926aad58) 
thrown [s\src\hotspot\share\interpreter\linkResolver.cpp, line 759]

VM Operations (16 events):
Event: 0.773 Executing VM operation: HandshakeAllThreads
Event: 0.773 Executing VM operation: HandshakeAllThreads done
Event: 1.786 Executing VM operation: Cleanup
Event: 1.792 Executing VM operation: Cleanup done
Event: 2.794 Executing VM operation: Cleanup
Event: 2.794 Executing VM operation: Cleanup done
Event: 3.024 Executing VM operation: G1CollectForAllocation
Event: 3.033 Executing VM operation: G1CollectForAllocation done
Event: 4.042 Executing VM operation: Cleanup
Event: 4.042 Executing VM operation: Cleanup done
Event: 5.515 Executing VM operation: HandshakeAllThreads
Event: 5.515 Executing VM operation: HandshakeAllThreads done
Event: 5.515 Executing VM operation: Cleanup
Event: 5.515 Executing VM operation: Cleanup done
Event: 6.521 Executing VM operation: Cleanup
Event: 6.521 Executing VM operation: Cleanup done

Memory protections (0 events):
No events

Nmethod flushes (0 events):
No events

Events (12 events):
Event: 0.472 Thread 0x0000014b1948fe00 Thread added: 0x0000014b1948fe00
Event: 0.523 Thread 0x0000014b1948fe00 Thread added: 0x0000014b396c3430
Event: 0.523 Thread 0x0000014b1948fe00 Thread added: 0x0000014b396c3df0
Event: 0.690 Thread 0x0000014b1948fe00 Thread added: 0x0000014b396de210
Event: 0.690 Thread 0x0000014b1948fe00 Thread added: 0x0000014b396deae0
Event: 0.690 Thread 0x0000014b1948fe00 Thread added: 0x0000014b396df4a0
Event: 0.690 Thread 0x0000014b1948fe00 Thread added: 0x0000014b396dfe60
Event: 0.691 Thread 0x0000014b1948fe00 Thread added: 0x0000014b396e98a0
Event: 0.691 Thread 0x0000014b1948fe00 Thread added: 0x0000014b396f6010
Event: 0.691 Thread 0x0000014b1948fe00 Thread added: 0x0000014b396f8a20
Event: 0.720 Thread 0x0000014b1948fe00 Thread added: 0x0000014b3994aff0
Event: 0.726 Thread 0x0000014b1948fe00 Thread added: 0x0000014b399516a0


Dynamic libraries:
0x00007ff6a8130000 - 0x00007ff6a813e000 	C:\Program Files\Eclipse Adoptium\jdk-17.0.17.10-hotspot\bin\java.exe
0x00007ffd4c640000 - 0x00007ffd4c8a8000 	C:\WINDOWS\SYSTEM32\ntdll.dll
0x00007ffd4b850000 - 0x00007ffd4b919000 	C:\WINDOWS\System32\KERNEL32.DLL
0x00007ffd49d00000 - 0x00007ffd4a0f8000 	C:\WINDOWS\System32\KERNELBASE.dll
0x00007ffd49b80000 - 0x00007ffd49ccb000 	C:\WINDOWS\System32\ucrtbase.dll
0x00007ffd0eed0000 - 0x00007ffd0eee8000 	C:\Program Files\Eclipse Adoptium\jdk-17.0.17.10-hotspot\bin\jli.dll
0x00007ffd4c260000 - 0x00007ffd4c427000 	C:\WINDOWS\System32\USER32.dll
0x00007ffd49cd0000 - 0x00007ffd49cf7000 	C:\WINDOWS\System32\win32u.dll
0x00007ffd4b7a0000 - 0x00007ffd4b7cb000 	C:\WINDOWS\System32\GDI32.dll
0x00007ffd49a50000 - 0x00007ffd49b7c000 	C:\WINDOWS\System32\gdi32full.dll
0x00007ffd4a100000 - 0x00007ffd4a1a3000 	C:\WINDOWS\System32\msvcp_win.dll
0x00007ffd0f840000 - 0x00007ffd0f85e000 	C:\Program Files\Eclipse Adoptium\jdk-17.0.17.10-hotspot\bin\VCRUNTIME140.dll
0x00007ffd29f40000 - 0x00007ffd2a1d4000 	C:\WINDOWS\WinSxS\amd64_microsoft.windows.common-controls_6595b64144ccf1df_6.0.26100.7019_none_3e06ffa0e335b8a8\COMCTL32.dll
0x00007ffd4c160000 - 0x00007ffd4c209000 	C:\WINDOWS\System32\msvcrt.dll
0x00007ffd4c210000 - 0x00007ffd4c241000 	C:\WINDOWS\System32\IMM32.DLL
0x00007ffd10ea0000 - 0x00007ffd10eac000 	C:\Program Files\Eclipse Adoptium\jdk-17.0.17.10-hotspot\bin\vcruntime140_1.dll
0x00007ffcdb380000 - 0x00007ffcdb40d000 	C:\Program Files\Eclipse Adoptium\jdk-17.0.17.10-hotspot\bin\msvcp140.dll
0x00007ffc7d380000 - 0x00007ffc7dfeb000 	C:\Program Files\Eclipse Adoptium\jdk-17.0.17.10-hotspot\bin\server\jvm.dll
0x00007ffd4a500000 - 0x00007ffd4a5b4000 	C:\WINDOWS\System32\ADVAPI32.dll
0x00007ffd4c550000 - 0x00007ffd4c5f6000 	C:\WINDOWS\System32\sechost.dll
0x00007ffd4afe0000 - 0x00007ffd4b0f8000 	C:\WINDOWS\System32\RPCRT4.dll
0x00007ffd4af60000 - 0x00007ffd4afd4000 	C:\WINDOWS\System32\WS2_32.dll
0x00007ffd495f0000 - 0x00007ffd4964e000 	C:\WINDOWS\SYSTEM32\POWRPROF.dll
0x00007ffd3af60000 - 0x00007ffd3af95000 	C:\WINDOWS\SYSTEM32\WINMM.dll
0x00007ffd41ce0000 - 0x00007ffd41ceb000 	C:\WINDOWS\SYSTEM32\VERSION.dll
0x00007ffd495d0000 - 0x00007ffd495e4000 	C:\WINDOWS\SYSTEM32\UMPDC.dll
0x00007ffd48550000 - 0x00007ffd4856b000 	C:\WINDOWS\SYSTEM32\kernel.appcore.dll
0x00007ffd0f320000 - 0x00007ffd0f32a000 	C:\Program Files\Eclipse Adoptium\jdk-17.0.17.10-hotspot\bin\jimage.dll
0x00007ffd39f00000 - 0x00007ffd3a142000 	C:\WINDOWS\SYSTEM32\DBGHELP.DLL
0x00007ffd4b410000 - 0x00007ffd4b79b000 	C:\WINDOWS\System32\combase.dll
0x00007ffd4a400000 - 0x00007ffd4a4d7000 	C:\WINDOWS\System32\OLEAUT32.dll
0x00007ffd26490000 - 0x00007ffd264cc000 	C:\WINDOWS\SYSTEM32\dbgcore.DLL
0x00007ffd499a0000 - 0x00007ffd49a45000 	C:\WINDOWS\System32\bcryptPrimitives.dll
0x00007ffd0c500000 - 0x00007ffd0c525000 	C:\Program Files\Eclipse Adoptium\jdk-17.0.17.10-hotspot\bin\java.dll
0x00007ffcd5470000 - 0x00007ffcd5547000 	C:\Program Files\Eclipse Adoptium\jdk-17.0.17.10-hotspot\bin\jsvml.dll
0x00007ffd4ba00000 - 0x00007ffd4c14f000 	C:\WINDOWS\System32\SHELL32.dll
0x00007ffd4a270000 - 0x00007ffd4a3db000 	C:\WINDOWS\System32\wintypes.dll
0x00007ffd473b0000 - 0x00007ffd47c0d000 	C:\WINDOWS\SYSTEM32\windows.storage.dll
0x00007ffd4acf0000 - 0x00007ffd4ade2000 	C:\WINDOWS\System32\SHCORE.dll
0x00007ffd4b3a0000 - 0x00007ffd4b407000 	C:\WINDOWS\System32\shlwapi.dll
0x00007ffd496b0000 - 0x00007ffd496d9000 	C:\WINDOWS\SYSTEM32\profapi.dll
0x00007ffd0bf90000 - 0x00007ffd0bfaa000 	C:\Program Files\Eclipse Adoptium\jdk-17.0.17.10-hotspot\bin\net.dll
0x00007ffd42410000 - 0x00007ffd42538000 	C:\WINDOWS\SYSTEM32\WINHTTP.dll
0x00007ffd48ac0000 - 0x00007ffd48b2b000 	C:\WINDOWS\system32\mswsock.dll
0x00007ffd0bf70000 - 0x00007ffd0bf86000 	C:\Program Files\Eclipse Adoptium\jdk-17.0.17.10-hotspot\bin\nio.dll
0x00007ffd0baf0000 - 0x00007ffd0bb08000 	C:\Program Files\Eclipse Adoptium\jdk-17.0.17.10-hotspot\bin\zip.dll
0x00007ffd0e2a0000 - 0x00007ffd0e2b0000 	C:\Program Files\Eclipse Adoptium\jdk-17.0.17.10-hotspot\bin\verify.dll
0x00007ffd01ad0000 - 0x00007ffd01af7000 	C:\Users\mahmo\.gradle\native\c067742578af261105cb4f569cf0c3c89f3d7b1fecec35dd04571415982c5e48\windows-amd64\native-platform.dll

dbghelp: loaded successfully - version: 4.0.5 - missing functions: none
symbol engine: initialized successfully - sym options: 0x614 - pdb path: .;C:\Program Files\Eclipse Adoptium\jdk-17.0.17.10-hotspot\bin;C:\WINDOWS\SYSTEM32;C:\WINDOWS\WinSxS\amd64_microsoft.windows.common-controls_6595b64144ccf1df_6.0.26100.7019_none_3e06ffa0e335b8a8;C:\Program Files\Eclipse Adoptium\jdk-17.0.17.10-hotspot\bin\server;C:\Users\mahmo\.gradle\native\c067742578af261105cb4f569cf0c3c89f3d7b1fecec35dd04571415982c5e48\windows-amd64

VM Arguments:
jvm_args: -Dstdout.encoding=UTF-8 -Dstderr.encoding=UTF-8 -Dorg.gradle.appname=gradlew 
java_command: org.gradle.wrapper.GradleWrapperMain -q -Ptarget-platform=android-x64 -Ptarget=C:\Users\mahmo\Downloads\mobile_chat_app\lib\main.dart -Pbase-application-name=android.app.Application -Pdart-obfuscation=false -Ptrack-widget-creation=true -Ptree-shake-icons=false -Pfilesystem-scheme=org-dartlang-root assembleDebug
java_class_path (initial): C:\Users\mahmo\Downloads\mobile_chat_app\android\\gradle\wrapper\gradle-wrapper.jar
Launcher Type: SUN_STANDARD

[Global flags]
     intx CICompilerCount                          = 4                                         {product} {ergonomic}
     uint ConcGCThreads                            = 3                                         {product} {ergonomic}
     uint G1ConcRefinementThreads                  = 10                                        {product} {ergonomic}
   size_t G1HeapRegionSize                         = 1048576                                   {product} {ergonomic}
    uintx GCDrainStackTargetSize                   = 64                                        {product} {ergonomic}
   size_t InitialHeapSize                          = 123731968                                 {product} {ergonomic}
   size_t MarkStackSize                            = 4194304                                   {product} {ergonomic}
   size_t MaxHeapSize                              = 1950351360                                {product} {ergonomic}
   size_t MaxNewSize                               = 1170210816                                {product} {ergonomic}
   size_t MinHeapDeltaBytes                        = 1048576                                   {product} {ergonomic}
   size_t MinHeapSize                              = 8388608                                   {product} {ergonomic}
    uintx NonNMethodCodeHeapSize                   = 5839372                                {pd product} {ergonomic}
    uintx NonProfiledCodeHeapSize                  = 122909434                              {pd product} {ergonomic}
    uintx ProfiledCodeHeapSize                     = 122909434                              {pd product} {ergonomic}
    uintx ReservedCodeCacheSize                    = 251658240                              {pd product} {ergonomic}
     bool SegmentedCodeCache                       = true                                      {product} {ergonomic}
   size_t SoftMaxHeapSize                          = 1950351360                             {manageable} {ergonomic}
     bool UseCompressedClassPointers               = true                           {product lp64_product} {ergonomic}
     bool UseCompressedOops                        = true                           {product lp64_product} {ergonomic}
     bool UseG1GC                                  = true                                      {product} {ergonomic}
     bool UseLargePagesIndividualAllocation        = false                                  {pd product} {ergonomic}

Logging:
Log output configuration:
 #0: stdout all=warning uptime,level,tags
 #1: stderr all=off uptime,level,tags

Environment Variables:
JAVA_HOME=C:\Program Files\Eclipse Adoptium\jdk-17.0.17.10-hotspot
JAVA_TOOL_OPTIONS=-Dstdout.encoding=UTF-8 -Dstderr.encoding=UTF-8
CLASSPATH=C:\Users\mahmo\Downloads\mobile_chat_app\android\\gradle\wrapper\gradle-wrapper.jar
PATH=C:\Program Files\Eclipse Adoptium\jdk-17.0.17.10-hotspot\bin;C:\Users\mahmo\AppData\Roaming\Code\User\globalStorage\pleiades.java-extension-pack-jdk\gradle\latest\bin;C:\Users\mahmo\AppData\Roaming\Code\User\globalStorage\pleiades.java-extension-pack-jdk\maven\latest\bin;C:\Users\mahmo\AppData\Roaming\Code\User\globalStorage\pleiades.java-extension-pack-jdk\java\latest\bin;C:\Program Files\Eclipse Adoptium\jdk-17.0.17.10-hotspot\bin;C:\Program Files\Eclipse Adoptium\jdk-11.0.29.7-hotspot\bin;C:\windows\system32;C:\windows;C:\windows\System32\Wbem;C:\windows\System32\WindowsPowerShell\v1.0\;C:\windows\System32\OpenSSH\;C:\Program Files (x86)\NVIDIA Corporation\PhysX\Common;C:\Program Files\NVIDIA Corporation\NVIDIA NvDLISR;C:\Users\Administrator\AppData\Local\Microsoft\WindowsApps;C:\Program Files\HP\OMEN-Broadcast\Common;C:\Program Files\HP\HP One Agent;C:\WINDOWS\system32;C:\WINDOWS;C:\WINDOWS\System32\Wbem;C:\WINDOWS\System32\WindowsPowerShell\v1.0\;C:\WINDOWS\System32\OpenSSH\;C:\Program Files\nodejs\;C:\Program Files\Git\cmd;C:\Program Files\Eclipse Adoptium\jdk-17.0.17.10-hotspot\bin;C:\Program Files\Eclipse Adoptium\jdk-17.0.17.10-hotspot\bin;C:\Program Files\Eclipse Adoptium\jdk-17.0.17.10-hotspot\bin;C:\Program Files\Eclipse Adoptium\jdk-11.0.29.7-hotspot\bin;C:\windows\system32;C:\windows;C:\windows\System32\Wbem;C:\windows\System32\WindowsPowerShell\v1.0\;C:\windows\System32\OpenSSH\;C:\Program Files (x86)\NVIDIA Corporation\PhysX\Common;C:\Program Files\NVIDIA Corporation\NVIDIA NvDLISR;C:\Users\Administrator\AppData\Local\Microsoft\WindowsApps;C:\Program Files\HP\OMEN-Broadcast\Common;C:\Program Files\HP\HP One Agent;C:\WINDOWS\system32;C:\WINDOWS;C:\WINDOWS\System32\Wbem;C:\WINDOWS\System32\WindowsPowerShell\v1.0\;C:\WINDOWS\System32\OpenSSH\;C:\Program Files\nodejs\;C:\Program Files\Git\cmd;C:\Program Files\Eclipse Adoptium\jdk-17.0.17.10-hotspot\bin;C:\Program Files\Eclipse Adoptium\jdk-17.0.17.10-hotspot\bin;C:\Program Files\Eclipse Adoptium\jdk-17.0.17.10-hotspot\bin;C:\Program Files\Eclipse Adoptium\jdk-11.0.29.7-hotspot\bin;C:\windows\system32;C:\windows;C:\windows\System32\Wbem;C:\windows\System32\WindowsPowerShell\v1.0\;C:\windows\System32\OpenSSH\;C:\Program Files (x86)\NVIDIA Corporation\PhysX\Common;C:\Program Files\NVIDIA Corporation\NVIDIA NvDLISR;C:\Users\Administrator\AppData\Local\Microsoft\WindowsApps;C:\Program Files\HP\OMEN-Broadcast\Common;C:\Program Files\HP\HP One Agent;C:\WINDOWS\system32;C:\WINDOWS;C:\WINDOWS\System32\Wbem;C:\WINDOWS\System32\WindowsPowerShell\v1.0\;C:\WINDOWS\System32\OpenSSH\;C:\Program Files\nodejs\;C:\Program Files\Git\cmd;C:\Program Files\Eclipse Adoptium\jdk-17.0.17.10-hotspot\bin;C:\Users\mahmo\Downloads\flutter\flutter_windows_3.29.3-stable\flutter\bin;c:\Users\mahmo\.vscode\extensions\vscjava.vscode-java-debug-0.58.3\bundled\scripts\noConfigScripts;C:\Users\mahmo\Downloads\flutter\flutter_windows_3.29.3-stable\flutter\bin\mingit\cmd
USERNAME=mahmo
LANG=en_US.UTF-8
OS=Windows_NT
PROCESSOR_IDENTIFIER=AMD64 Family 25 Model 117 Stepping 2, AuthenticAMD
TMP=C:\Users\mahmo\AppData\Local\Temp
TEMP=C:\Users\mahmo\AppData\Local\Temp



Periodic native trim disabled


---------------  S Y S T E M  ---------------

OS:
 Windows 11 , 64 bit Build 26100 (10.0.26100.7019)
OS uptime: 0 days 1:26 hours
Hyper-V role detected

CPU: total 12 (initial active 12) (12 cores per cpu, 2 threads per core) family 25 model 117 stepping 2 microcode 0xa70520a, cx8, cmov, fxsr, ht, mmx, 3dnowpref, sse, sse2, sse3, ssse3, sse4a, sse4.1, sse4.2, popcnt, lzcnt, tsc, tscinvbit, avx, avx2, aes, erms, clmul, bmi1, bmi2, adx, avx512f, avx512dq, avx512cd, avx512bw, avx512vl, sha, fma, vzeroupper, avx512_vpopcntdq, avx512_vpclmulqdq, avx512_vaes, avx512_vnni, clflush, clflushopt, avx512_vbmi2, avx512_vbmi, hv
Processor Information for processor 0
  Max Mhz: 4301, Current Mhz: 2483, Mhz Limit: 4301
Processor Information for processor 1
  Max Mhz: 4301, Current Mhz: 3993, Mhz Limit: 4301
Processor Information for processor 2
  Max Mhz: 4301, Current Mhz: 3993, Mhz Limit: 4301
Processor Information for processor 3
  Max Mhz: 4301, Current Mhz: 3993, Mhz Limit: 4301
Processor Information for processor 4
  Max Mhz: 4301, Current Mhz: 2483, Mhz Limit: 4301
Processor Information for processor 5
  Max Mhz: 4301, Current Mhz: 2483, Mhz Limit: 4301
Processor Information for processor 6
  Max Mhz: 4301, Current Mhz: 3993, Mhz Limit: 4301
Processor Information for processor 7
  Max Mhz: 4301, Current Mhz: 2483, Mhz Limit: 4301
Processor Information for processor 8
  Max Mhz: 4301, Current Mhz: 3993, Mhz Limit: 4301
Processor Information for processor 9
  Max Mhz: 4301, Current Mhz: 2483, Mhz Limit: 4301
Processor Information for processor 10
  Max Mhz: 4301, Current Mhz: 2483, Mhz Limit: 4301
Processor Information for processor 11
  Max Mhz: 4301, Current Mhz: 2483, Mhz Limit: 4301

Memory: 4k page, system-wide physical 7439M (159M free)
TotalPageFile size 29967M (AvailPageFile size 0M)
current process WorkingSet (physical memory assigned to process): 72M, peak: 84M
current process commit charge ("private bytes"): 220M, peak: 220M

vm_info: OpenJDK 64-Bit Server VM (17.0.17+10) for windows-amd64 JRE (17.0.17+10), built on Oct 21 2025 23:25:32 by "admin" with unknown MS VC++:1942

END.
